Tue Jul 30 20:01:00 GMT-03:00 2013  [debug] AvalonLogSystem initialized using logfile 'velocity.log'
Tue Jul 30 20:01:00 GMT-03:00 2013   [info] ************************************************************** 
Tue Jul 30 20:01:00 GMT-03:00 2013   [info] Starting Jakarta Velocity v1.4
Tue Jul 30 20:01:00 GMT-03:00 2013   [info] RuntimeInstance initializing.
Tue Jul 30 20:01:00 GMT-03:00 2013   [info] Default Properties File: org\apache\velocity\runtime\defaults\velocity.properties
Tue Jul 30 20:01:00 GMT-03:00 2013   [info] Trying to use logger class org.apache.velocity.runtime.log.AvalonLogSystem
Tue Jul 30 20:01:00 GMT-03:00 2013   [info] Using logger class org.apache.velocity.runtime.log.AvalonLogSystem
Tue Jul 30 20:01:01 GMT-03:00 2013   [info] Default ResourceManager initializing. (class org.apache.velocity.runtime.resource.ResourceManagerImpl)
Tue Jul 30 20:01:01 GMT-03:00 2013   [info] Resource Loader Instantiated: org.apache.velocity.runtime.resource.loader.ClasspathResourceLoader
Tue Jul 30 20:01:01 GMT-03:00 2013   [info] ClasspathResourceLoader : initialization starting.
Tue Jul 30 20:01:01 GMT-03:00 2013   [info] ClasspathResourceLoader : initialization complete.
Tue Jul 30 20:01:01 GMT-03:00 2013   [info] ResourceCache : initialized. (class org.apache.velocity.runtime.resource.ResourceCacheImpl)
Tue Jul 30 20:01:01 GMT-03:00 2013   [info] Default ResourceManager initialization complete.
Tue Jul 30 20:01:01 GMT-03:00 2013   [info] Loaded System Directive: org.apache.velocity.runtime.directive.Literal
Tue Jul 30 20:01:01 GMT-03:00 2013   [info] Loaded System Directive: org.apache.velocity.runtime.directive.Macro
Tue Jul 30 20:01:01 GMT-03:00 2013   [info] Loaded System Directive: org.apache.velocity.runtime.directive.Parse
Tue Jul 30 20:01:01 GMT-03:00 2013   [info] Loaded System Directive: org.apache.velocity.runtime.directive.Include
Tue Jul 30 20:01:01 GMT-03:00 2013   [info] Loaded System Directive: org.apache.velocity.runtime.directive.Foreach
Tue Jul 30 20:01:01 GMT-03:00 2013   [info] Created: 20 parsers.
Tue Jul 30 20:01:01 GMT-03:00 2013   [info] Velocimacro : initialization starting.
Tue Jul 30 20:01:01 GMT-03:00 2013   [info] Velocimacro : adding VMs from VM library template : VM_global_library.vm
Tue Jul 30 20:01:01 GMT-03:00 2013  [error] ResourceManager : unable to find resource 'VM_global_library.vm' in any resource loader.
Tue Jul 30 20:01:01 GMT-03:00 2013   [info] Velocimacro : error using  VM library template VM_global_library.vm : org.apache.velocity.exception.ResourceNotFoundException: Unable to find resource 'VM_global_library.vm'
Tue Jul 30 20:01:01 GMT-03:00 2013   [info] Velocimacro :  VM library template macro registration complete.
Tue Jul 30 20:01:01 GMT-03:00 2013   [info] Velocimacro : allowInline = true : VMs can be defined inline in templates
Tue Jul 30 20:01:01 GMT-03:00 2013   [info] Velocimacro : allowInlineToOverride = false : VMs defined inline may NOT replace previous VM definitions
Tue Jul 30 20:01:01 GMT-03:00 2013   [info] Velocimacro : allowInlineLocal = false : VMs defined inline will be  global in scope if allowed.
Tue Jul 30 20:01:01 GMT-03:00 2013   [info] Velocimacro : messages on  : VM system will output logging messages
Tue Jul 30 20:01:01 GMT-03:00 2013   [info] Velocimacro : autoload off  : VM system will not automatically reload global library macros
Tue Jul 30 20:01:01 GMT-03:00 2013   [info] Velocimacro : initialization complete.
Tue Jul 30 20:01:01 GMT-03:00 2013   [info] Velocity successfully started.
Tue Jul 30 20:01:03 GMT-03:00 2013   [info] ResourceManager : found org/uncommons/reportng/templates/xml/results.xml.vm with loader org.apache.velocity.runtime.resource.loader.ClasspathResourceLoader
Tue Jul 30 20:01:03 GMT-03:00 2013   [info] ResourceManager : found org/uncommons/reportng/templates/html/index.html.vm with loader org.apache.velocity.runtime.resource.loader.ClasspathResourceLoader
Tue Jul 30 20:01:03 GMT-03:00 2013   [info] ResourceManager : found org/uncommons/reportng/templates/html/overview.html.vm with loader org.apache.velocity.runtime.resource.loader.ClasspathResourceLoader
Tue Jul 30 20:01:03 GMT-03:00 2013   [info] ResourceManager : found org/uncommons/reportng/templates/html/suites.html.vm with loader org.apache.velocity.runtime.resource.loader.ClasspathResourceLoader
Tue Jul 30 20:01:03 GMT-03:00 2013   [info] ResourceManager : found org/uncommons/reportng/templates/html/results.html.vm with loader org.apache.velocity.runtime.resource.loader.ClasspathResourceLoader
Tue Jul 30 20:01:03 GMT-03:00 2013   [info] ResourceManager : found org/uncommons/reportng/templates/html/class-results.html.vm with loader org.apache.velocity.runtime.resource.loader.ClasspathResourceLoader
Tue Jul 30 20:01:03 GMT-03:00 2013   [info] ResourceManager : found org/uncommons/reportng/templates/html/class-results.html.vm with loader org.apache.velocity.runtime.resource.loader.ClasspathResourceLoader
Tue Jul 30 20:01:03 GMT-03:00 2013   [info] ResourceManager : found org/uncommons/reportng/templates/html/class-results.html.vm with loader org.apache.velocity.runtime.resource.loader.ClasspathResourceLoader
